GET /assets/ - Status: 200 Elapsed Time: 9.82s
GET /assets/ - Status: 200 Elapsed Time: 5.42s
GET / - Status: 200 Elapsed Time: 0.01s
GET / - Status: 200 Elapsed Time: 0.00s
POST / - Status: 302 Elapsed Time: 4.85s
GET /sysadmin_dashboard/ - Status: 200 Elapsed Time: 4.62s
GET /asset_types/ - Status: 200 Elapsed Time: 4.52s
GET /asset_types/ - Status: 200 Elapsed Time: 4.70s
GET /asset_types/ - Status: 200 Elapsed Time: 4.51s
GET /asset_types/ - Status: 200 Elapsed Time: 4.20s
GET /addassettype/ - Status: 200 Elapsed Time: 4.90s
POST /addassettype/ - Status: 302 Elapsed Time: 4.41s
GET /asset_types/ - Status: 200 Elapsed Time: 5.06s
GET /sysadmin_dashboard/ - Status: 200 Elapsed Time: 5.14s
GET /asset_types/ - Status: 200 Elapsed Time: 4.27s
GET /delete_assettype/3/ - Status: 302 Elapsed Time: 6.41s
GET /asset_types/ - Status: 200 Elapsed Time: 3.98s
GET /edit_assettype/2/ - Status: 200 Elapsed Time: 9.68s
POST /edit_assettype/2/ - Status: 302 Elapsed Time: 3.48s
GET /asset_types/ - Status: 200 Elapsed Time: 4.17s
GET /asset_types/ - Status: 200 Elapsed Time: 4.12s
GET / - Status: 200 Elapsed Time: 0.00s
GET / - Status: 200 Elapsed Time: 0.00s
GET / - Status: 200 Elapsed Time: 0.00s
GET /sysadmin_dashboard/ - Status: 200 Elapsed Time: 4.88s
GET /sysadmin_dashboard/ - Status: 200 Elapsed Time: 4.33s
GET /sysadmin_dashboard/ - Status: 200 Elapsed Time: 4.36s
GET / - Status: 200 Elapsed Time: 0.02s
POST / - Status: 302 Elapsed Time: 6.15s
GET /sysadmin_dashboard/ - Status: 200 Elapsed Time: 3.98s
GET /sysadmin_dashboard/ - Status: 200 Elapsed Time: 4.55s
GET /assets/ - Status: 200 Elapsed Time: 5.27s
GET /assets/ - Status: 200 Elapsed Time: 5.08s
GET /assets/ - Status: 200 Elapsed Time: 4.07s
GET /assets/ - Status: 200 Elapsed Time: 5.38s
GET /assets/ - Status: 200 Elapsed Time: 5.40s
GET /assets/ - Status: 200 Elapsed Time: 10.29s
GET / - Status: 200 Elapsed Time: 0.00s
GET / - Status: 200 Elapsed Time: 0.00s
GET /assets/ - Status: 200 Elapsed Time: 3.60s
GET / - Status: 200 Elapsed Time: 0.00s
GET /favicon.ico - Status: 404 Elapsed Time: 0.03s
POST / - Status: 302 Elapsed Time: 6.19s
GET /sysadmin_dashboard/ - Status: 200 Elapsed Time: 5.31s
GET /sysadmin_dashboard/ - Status: 200 Elapsed Time: 4.55s
GET /sysadmin_dashboard/ - Status: 200 Elapsed Time: 4.47s
GET /sysadmin_dashboard/ - Status: 200 Elapsed Time: 3.47s
GET /assets/ - Status: 200 Elapsed Time: 5.10s
